<?xml version="1.0" encoding="UTF-8"?>
<!-- Generated by org.testng.reporters.JUnitXMLReporter -->
<testsuite ignored="0" hostname="Vikash-Mishra" failures="0" tests="7" name="Default test" time="68.364" errors="0" timestamp="2024-11-28T20:18:24 IST">
  <testcase classname="FitpeoTestCases.FitpeoProjectTask" name="navigateToRevenueCalculatorPage" time="3.226"/>
  <testcase classname="FitpeoTestCases.FitpeoProjectTask" name="scrollDownToSliderSection" time="3.27"/>
  <testcase classname="FitpeoTestCases.FitpeoProjectTask" name="slideto820" time="6.573"/>
  <testcase classname="FitpeoTestCases.FitpeoProjectTask" name="updateTextbox560" time="2.239"/>
  <testcase classname="FitpeoTestCases.FitpeoProjectTask" name="validateSliderPositionFor560" time="1.805"/>
  <testcase classname="FitpeoTestCases.FitpeoProjectTask" name="Select_CPT_Codes" time="1.999"/>
  <testcase classname="FitpeoTestCases.FitpeoProjectTask" name="Validate_Total_Recurring_Reimbursement" time="10.084"/>
</testsuite> <!-- Default test -->
